# JRE version: Java(TM) SE Runtime Environment (8.0_411) (build 1.8.0_411-b09)
# Java VM: Java HotSpot(TM) 64-Bit Server VM (25.411-b09 mixed mode linux-amd64 compressed oops)
Heap:
 PSYoungGen      total 4124160K, used 603165K [0x00000006b5580000, 0x00000007c0000000, 0x00000007c0000000)
  eden space 4000256K, 11% used [0x00000006b5580000,0x00000006d29eb400,0x00000007a9800000)
  from space 123904K, 99% used [0x00000007a9800000,0x00000007b109c010,0x00000007b1100000)
  to   space 185344K, 0% used [0x00000007b4b00000,0x00000007b4b00000,0x00000007c0000000)
 ParOldGen       total 546304K, used 259834K [0x00000004a0000000, 0x00000004c1580000, 0x00000006b5580000)
  object space 546304K, 47% used [0x00000004a0000000,0x00000004afdbe818,0x00000004c1580000)
 Metaspace       used 6105K, capacity 6362K, committed 6656K, reserved 1056768K
  class space    used 648K, capacity 721K, committed 768K, reserved 1048576K
GC Heap History (10 events):
Event: 23.707 GC heap before
{Heap before GC invocations=13 (full 0):
 PSYoungGen      total 4188160K, used 4143424K [0x00000006b5580000, 0x00000007c0000000, 0x00000007c0000000)
  eden space 4020736K, 100% used [0x00000006b5580000,0x00000007aac00000,0x00000007aac00000)
  from space 167424K, 73% used [0x00000007b5c80000,0x00000007bd450020,0x00000007c0000000)
  to   space 174080K, 0% used [0x00000007aac00000,0x00000007aac00000,0x00000007b5600000)
 ParOldGen       total 546304K, used 149878K [0x00000004a0000000, 0x00000004c1580000, 0x00000006b5580000)
  object space 546304K, 27% used [0x00000004a0000000,0x00000004a925d888,0x00000004c1580000)
 Metaspace       used 6057K, capacity 6234K, committed 6400K, reserved 1056768K
  class space    used 644K, capacity 721K, committed 768K, reserved 1048576K
Event: 23.829 GC heap after
Heap after GC invocations=13 (full 0):
 PSYoungGen      total 4142080K, used 121136K [0x00000006b5580000, 0x00000007c0000000, 0x00000007c0000000)
  eden space 4020736K, 0% used [0x00000006b5580000,0x00000006b5580000,0x00000007aac00000)
  from space 121344K, 99% used [0x00000007aac00000,0x00000007b224c010,0x00000007b2280000)
  to   space 178176K, 0% used [0x00000007b5200000,0x00000007b5200000,0x00000007c0000000)
 ParOldGen       total 546304K, used 173482K [0x00000004a0000000, 0x00000004c1580000, 0x00000006b5580000)
  object space 546304K, 31% used [0x00000004a0000000,0x00000004aa96aaa0,0x00000004c1580000)
 Metaspace       used 6057K, capacity 6234K, committed 6400K, reserved 1056768K
  class space    used 644K, capacity 721K, committed 768K, reserved 1048576K
}
Event: 26.993 GC heap before
{Heap before GC invocations=14 (full 0):
 PSYoungGen      total 4142080K, used 4141872K [0x00000006b5580000, 0x00000007c0000000, 0x00000007c0000000)
  eden space 4020736K, 100% used [0x00000006b5580000,0x00000007aac00000,0x00000007aac00000)
  from space 121344K, 99% used [0x00000007aac00000,0x00000007b224c010,0x00000007b2280000)
  to   space 178176K, 0% used [0x00000007b5200000,0x00000007b5200000,0x00000007c0000000)
 ParOldGen       total 546304K, used 173482K [0x00000004a0000000, 0x00000004c1580000, 0x00000006b5580000)
  object space 546304K, 31% used [0x00000004a0000000,0x00000004aa96aaa0,0x00000004c1580000)
 Metaspace       used 6061K, capacity 6298K, committed 6400K, reserved 1056768K
  class space    used 644K, capacity 721K, committed 768K, reserved 1048576K
Event: 27.082 GC heap after
Heap after GC invocations=14 (full 0):
 PSYoungGen      total 4187648K, used 118096K [0x00000006b5580000, 0x00000007c0000000, 0x00000007c0000000)
  eden space 4009472K, 0% used [0x00000006b5580000,0x00000006b5580000,0x00000007aa100000)
  from space 178176K, 66% used [0x00000007b5200000,0x00000007bc554010,0x00000007c0000000)
  to   space 179712K, 0% used [0x00000007aa100000,0x00000007aa100000,0x00000007b5080000)
 ParOldGen       total 546304K, used 194190K [0x00000004a0000000, 0x00000004c1580000, 0x00000006b5580000)
  object space 546304K, 35% used [0x00000004a0000000,0x00000004abda39f8,0x00000004c1580000)
 Metaspace       used 6061K, capacity 6298K, committed 6400K, reserved 1056768K
  class space    used 644K, capacity 721K, committed 768K, reserved 1048576K
}
Event: 30.090 GC heap before
{Heap before GC invocations=15 (full 0):
 PSYoungGen      total 4187648K, used 4127568K [0x00000006b5580000, 0x00000007c0000000, 0x00000007c0000000)
  eden space 4009472K, 100% used [0x00000006b5580000,0x00000007aa100000,0x00000007aa100000)
  from space 178176K, 66% used [0x00000007b5200000,0x00000007bc554010,0x00000007c0000000)
  to   space 179712K, 0% used [0x00000007aa100000,0x00000007aa100000,0x00000007b5080000)
 ParOldGen       total 546304K, used 194190K [0x00000004a0000000, 0x00000004c1580000, 0x00000006b5580000)
  object space 546304K, 35% used [0x00000004a0000000,0x00000004abda39f8,0x00000004c1580000)
 Metaspace       used 6066K, capacity 6298K, committed 6400K, reserved 1056768K
  class space    used 644K, capacity 721K, committed 768K, reserved 1048576K
Event: 30.189 GC heap after
Heap after GC invocations=15 (full 0):
 PSYoungGen      total 4134400K, used 124496K [0x00000006b5580000, 0x00000007c0000000, 0x00000007c0000000)
  eden space 4009472K, 0% used [0x00000006b5580000,0x00000006b5580000,0x00000007aa100000)
  from space 124928K, 99% used [0x00000007aa100000,0x00000007b1a94010,0x00000007b1b00000)
  to   space 183296K, 0% used [0x00000007b4d00000,0x00000007b4d00000,0x00000007c0000000)
 ParOldGen       total 546304K, used 214220K [0x00000004a0000000, 0x00000004c1580000, 0x00000006b5580000)
  object space 546304K, 39% used [0x00000004a0000000,0x00000004ad133278,0x00000004c1580000)
 Metaspace       used 6066K, capacity 6298K, committed 6400K, reserved 1056768K
  class space    used 644K, capacity 721K, committed 768K, reserved 1048576K
}
Event: 33.268 GC heap before
{Heap before GC invocations=16 (full 0):
 PSYoungGen      total 4134400K, used 4133968K [0x00000006b5580000, 0x00000007c0000000, 0x00000007c0000000)
  eden space 4009472K, 100% used [0x00000006b5580000,0x00000007aa100000,0x00000007aa100000)
  from space 124928K, 99% used [0x00000007aa100000,0x00000007b1a94010,0x00000007b1b00000)
  to   space 183296K, 0% used [0x00000007b4d00000,0x00000007b4d00000,0x00000007c0000000)
 ParOldGen       total 546304K, used 214220K [0x00000004a0000000, 0x00000004c1580000, 0x00000006b5580000)
  object space 546304K, 39% used [0x00000004a0000000,0x00000004ad133278,0x00000004c1580000)
 Metaspace       used 6069K, capacity 6298K, committed 6400K, reserved 1056768K
  class space    used 644K, capacity 721K, committed 768K, reserved 1048576K
Event: 33.375 GC heap after
Heap after GC invocations=16 (full 0):
 PSYoungGen      total 4183552K, used 122752K [0x00000006b5580000, 0x00000007c0000000, 0x00000007c0000000)
  eden space 4000256K, 0% used [0x00000006b5580000,0x00000006b5580000,0x00000007a9800000)
  from space 183296K, 66% used [0x00000007b4d00000,0x00000007bc4e0030,0x00000007c0000000)
  to   space 184320K, 0% used [0x00000007a9800000,0x00000007a9800000,0x00000007b4c00000)
 ParOldGen       total 546304K, used 236662K [0x00000004a0000000, 0x00000004c1580000, 0x00000006b5580000)
  object space 546304K, 43% used [0x00000004a0000000,0x00000004ae71d810,0x00000004c1580000)
 Metaspace       used 6069K, capacity 6298K, committed 6400K, reserved 1056768K
  class space    used 644K, capacity 721K, committed 768K, reserved 1048576K
}
Event: 36.781 GC heap before
{Heap before GC invocations=17 (full 0):
 PSYoungGen      total 4183552K, used 4123008K [0x00000006b5580000, 0x00000007c0000000, 0x00000007c0000000)
  eden space 4000256K, 100% used [0x00000006b5580000,0x00000007a9800000,0x00000007a9800000)
  from space 183296K, 66% used [0x00000007b4d00000,0x00000007bc4e0030,0x00000007c0000000)
  to   space 184320K, 0% used [0x00000007a9800000,0x00000007a9800000,0x00000007b4c00000)
 ParOldGen       total 546304K, used 236662K [0x00000004a0000000, 0x00000004c1580000, 0x00000006b5580000)
  object space 546304K, 43% used [0x00000004a0000000,0x00000004ae71d810,0x00000004c1580000)
 Metaspace       used 6077K, capacity 6298K, committed 6400K, reserved 1056768K
  class space    used 644K, capacity 721K, committed 768K, reserved 1048576K
Event: 36.915 GC heap after
Heap after GC invocations=17 (full 0):
 PSYoungGen      total 4124160K, used 123504K [0x00000006b5580000, 0x00000007c0000000, 0x00000007c0000000)
  eden space 4000256K, 0% used [0x00000006b5580000,0x00000006b5580000,0x00000007a9800000)
  from space 123904K, 99% used [0x00000007a9800000,0x00000007b109c010,0x00000007b1100000)
  to   space 185344K, 0% used [0x00000007b4b00000,0x00000007b4b00000,0x00000007c0000000)
 ParOldGen       total 546304K, used 259834K [0x00000004a0000000, 0x00000004c1580000, 0x00000006b5580000)
  object space 546304K, 47% used [0x00000004a0000000,0x00000004afdbe818,0x00000004c1580000)
 Metaspace       used 6077K, capacity 6298K, committed 6400K, reserved 1056768K
  class space    used 644K, capacity 721K, committed 768K, reserved 1048576K
}

