# JRE version: Java(TM) SE Runtime Environment (8.0_411) (build 1.8.0_411-b09)
# Java VM: Java HotSpot(TM) 64-Bit Server VM (25.411-b09 mixed mode linux-amd64 compressed oops)
Heap:
 PSYoungGen      total 4177408K, used 2359070K [0x00000006b5580000, 0x00000007c0000000, 0x00000007c0000000)
  eden space 3988992K, 55% used [0x00000006b5580000,0x000000073da2b900,0x00000007a8d00000)
  from space 188416K, 66% used [0x00000007b4800000,0x00000007bc31c020,0x00000007c0000000)
  to   space 189952K, 0% used [0x00000007a8d00000,0x00000007a8d00000,0x00000007b4680000)
 ParOldGen       total 546304K, used 268775K [0x00000004a0000000, 0x00000004c1580000, 0x00000006b5580000)
  object space 546304K, 49% used [0x00000004a0000000,0x00000004b0679ec8,0x00000004c1580000)
 Metaspace       used 6104K, capacity 6362K, committed 6656K, reserved 1056768K
  class space    used 648K, capacity 721K, committed 768K, reserved 1048576K
GC Heap History (10 events):
Event: 20.868 GC heap before
{Heap before GC invocations=12 (full 0):
 PSYoungGen      total 4176384K, used 4176336K [0x00000006b5580000, 0x00000007c0000000, 0x00000007c0000000)
  eden space 4051456K, 100% used [0x00000006b5580000,0x00000007aca00000,0x00000007aca00000)
  from space 124928K, 99% used [0x00000007aca00000,0x00000007b43f4010,0x00000007b4400000)
  to   space 167936K, 0% used [0x00000007b5c00000,0x00000007b5c00000,0x00000007c0000000)
 ParOldGen       total 546304K, used 150047K [0x00000004a0000000, 0x00000004c1580000, 0x00000006b5580000)
  object space 546304K, 27% used [0x00000004a0000000,0x00000004a9287eb0,0x00000004c1580000)
 Metaspace       used 6058K, capacity 6298K, committed 6400K, reserved 1056768K
  class space    used 643K, capacity 721K, committed 768K, reserved 1048576K
Event: 20.997 GC heap after
Heap after GC invocations=12 (full 0):
 PSYoungGen      total 4186624K, used 124736K [0x00000006b5580000, 0x00000007c0000000, 0x00000007c0000000)
  eden space 4018688K, 0% used [0x00000006b5580000,0x00000006b5580000,0x00000007aaa00000)
  from space 167936K, 74% used [0x00000007b5c00000,0x00000007bd5d0000,0x00000007c0000000)
  to   space 175104K, 0% used [0x00000007aaa00000,0x00000007aaa00000,0x00000007b5500000)
 ParOldGen       total 546304K, used 172616K [0x00000004a0000000, 0x00000004c1580000, 0x00000006b5580000)
  object space 546304K, 31% used [0x00000004a0000000,0x00000004aa8923b0,0x00000004c1580000)
 Metaspace       used 6058K, capacity 6298K, committed 6400K, reserved 1056768K
  class space    used 643K, capacity 721K, committed 768K, reserved 1048576K
}
Event: 24.159 GC heap before
{Heap before GC invocations=13 (full 0):
 PSYoungGen      total 4186624K, used 4143424K [0x00000006b5580000, 0x00000007c0000000, 0x00000007c0000000)
  eden space 4018688K, 100% used [0x00000006b5580000,0x00000007aaa00000,0x00000007aaa00000)
  from space 167936K, 74% used [0x00000007b5c00000,0x00000007bd5d0000,0x00000007c0000000)
  to   space 175104K, 0% used [0x00000007aaa00000,0x00000007aaa00000,0x00000007b5500000)
 ParOldGen       total 546304K, used 172616K [0x00000004a0000000, 0x00000004c1580000, 0x00000006b5580000)
  object space 546304K, 31% used [0x00000004a0000000,0x00000004aa8923b0,0x00000004c1580000)
 Metaspace       used 6064K, capacity 6298K, committed 6400K, reserved 1056768K
  class space    used 643K, capacity 721K, committed 768K, reserved 1048576K
Event: 24.307 GC heap after
Heap after GC invocations=13 (full 0):
 PSYoungGen      total 4146688K, used 127936K [0x00000006b5580000, 0x00000007c0000000, 0x00000007c0000000)
  eden space 4018688K, 0% used [0x00000006b5580000,0x00000006b5580000,0x00000007aaa00000)
  from space 128000K, 99% used [0x00000007aaa00000,0x00000007b26f0000,0x00000007b2700000)
  to   space 181760K, 0% used [0x00000007b4e80000,0x00000007b4e80000,0x00000007c0000000)
 ParOldGen       total 546304K, used 195517K [0x00000004a0000000, 0x00000004c1580000, 0x00000006b5580000)
  object space 546304K, 35% used [0x00000004a0000000,0x00000004abeef500,0x00000004c1580000)
 Metaspace       used 6064K, capacity 6298K, committed 6400K, reserved 1056768K
  class space    used 643K, capacity 721K, committed 768K, reserved 1048576K
}
Event: 28.448 GC heap before
{Heap before GC invocations=14 (full 0):
 PSYoungGen      total 4146688K, used 4146624K [0x00000006b5580000, 0x00000007c0000000, 0x00000007c0000000)
  eden space 4018688K, 100% used [0x00000006b5580000,0x00000007aaa00000,0x00000007aaa00000)
  from space 128000K, 99% used [0x00000007aaa00000,0x00000007b26f0000,0x00000007b2700000)
  to   space 181760K, 0% used [0x00000007b4e80000,0x00000007b4e80000,0x00000007c0000000)
 ParOldGen       total 546304K, used 195517K [0x00000004a0000000, 0x00000004c1580000, 0x00000006b5580000)
  object space 546304K, 35% used [0x00000004a0000000,0x00000004abeef500,0x00000004c1580000)
 Metaspace       used 6068K, capacity 6298K, committed 6400K, reserved 1056768K
  class space    used 643K, capacity 721K, committed 768K, reserved 1048576K
Event: 28.583 GC heap after
Heap after GC invocations=14 (full 0):
 PSYoungGen      total 4179968K, used 125200K [0x00000006b5580000, 0x00000007c0000000, 0x00000007c0000000)
  eden space 3998208K, 0% used [0x00000006b5580000,0x00000006b5580000,0x00000007a9600000)
  from space 181760K, 68% used [0x00000007b4e80000,0x00000007bc8c4010,0x00000007c0000000)
  to   space 185344K, 0% used [0x00000007a9600000,0x00000007a9600000,0x00000007b4b00000)
 ParOldGen       total 546304K, used 219812K [0x00000004a0000000, 0x00000004c1580000, 0x00000006b5580000)
  object space 546304K, 40% used [0x00000004a0000000,0x00000004ad6a9188,0x00000004c1580000)
 Metaspace       used 6068K, capacity 6298K, committed 6400K, reserved 1056768K
  class space    used 643K, capacity 721K, committed 768K, reserved 1048576K
}
Event: 31.706 GC heap before
{Heap before GC invocations=15 (full 0):
 PSYoungGen      total 4179968K, used 4123408K [0x00000006b5580000, 0x00000007c0000000, 0x00000007c0000000)
  eden space 3998208K, 100% used [0x00000006b5580000,0x00000007a9600000,0x00000007a9600000)
  from space 181760K, 68% used [0x00000007b4e80000,0x00000007bc8c4010,0x00000007c0000000)
  to   space 185344K, 0% used [0x00000007a9600000,0x00000007a9600000,0x00000007b4b00000)
 ParOldGen       total 546304K, used 219812K [0x00000004a0000000, 0x00000004c1580000, 0x00000006b5580000)
  object space 546304K, 40% used [0x00000004a0000000,0x00000004ad6a9188,0x00000004c1580000)
 Metaspace       used 6069K, capacity 6298K, committed 6400K, reserved 1056768K
  class space    used 643K, capacity 721K, committed 768K, reserved 1048576K
Event: 31.853 GC heap after
Heap after GC invocations=15 (full 0):
 PSYoungGen      total 4126720K, used 128288K [0x00000006b5580000, 0x00000007c0000000, 0x00000007c0000000)
  eden space 3998208K, 0% used [0x00000006b5580000,0x00000006b5580000,0x00000007a9600000)
  from space 128512K, 99% used [0x00000007a9600000,0x00000007b1348000,0x00000007b1380000)
  to   space 188416K, 0% used [0x00000007b4800000,0x00000007b4800000,0x00000007c0000000)
 ParOldGen       total 546304K, used 244757K [0x00000004a0000000, 0x00000004c1580000, 0x00000006b5580000)
  object space 546304K, 44% used [0x00000004a0000000,0x00000004aef057d0,0x00000004c1580000)
 Metaspace       used 6069K, capacity 6298K, committed 6400K, reserved 1056768K
  class space    used 643K, capacity 721K, committed 768K, reserved 1048576K
}
Event: 35.237 GC heap before
{Heap before GC invocations=16 (full 0):
 PSYoungGen      total 4126720K, used 4126496K [0x00000006b5580000, 0x00000007c0000000, 0x00000007c0000000)
  eden space 3998208K, 100% used [0x00000006b5580000,0x00000007a9600000,0x00000007a9600000)
  from space 128512K, 99% used [0x00000007a9600000,0x00000007b1348000,0x00000007b1380000)
  to   space 188416K, 0% used [0x00000007b4800000,0x00000007b4800000,0x00000007c0000000)
 ParOldGen       total 546304K, used 244757K [0x00000004a0000000, 0x00000004c1580000, 0x00000006b5580000)
  object space 546304K, 44% used [0x00000004a0000000,0x00000004aef057d0,0x00000004c1580000)
 Metaspace       used 6070K, capacity 6298K, committed 6400K, reserved 1056768K
  class space    used 643K, capacity 721K, committed 768K, reserved 1048576K
Event: 35.345 GC heap after
Heap after GC invocations=16 (full 0):
 PSYoungGen      total 4177408K, used 126064K [0x00000006b5580000, 0x00000007c0000000, 0x00000007c0000000)
  eden space 3988992K, 0% used [0x00000006b5580000,0x00000006b5580000,0x00000007a8d00000)
  from space 188416K, 66% used [0x00000007b4800000,0x00000007bc31c020,0x00000007c0000000)
  to   space 189952K, 0% used [0x00000007a8d00000,0x00000007a8d00000,0x00000007b4680000)
 ParOldGen       total 546304K, used 268775K [0x00000004a0000000, 0x00000004c1580000, 0x00000006b5580000)
  object space 546304K, 49% used [0x00000004a0000000,0x00000004b0679ec8,0x00000004c1580000)
 Metaspace       used 6070K, capacity 6298K, committed 6400K, reserved 1056768K
  class space    used 643K, capacity 721K, committed 768K, reserved 1048576K
}

