# JRE version: Java(TM) SE Runtime Environment (8.0_411) (build 1.8.0_411-b09)
# Java VM: Java HotSpot(TM) 64-Bit Server VM (25.411-b09 mixed mode linux-amd64 compressed oops)
Heap:
 PSYoungGen      total 4175872K, used 2751405K [0x00000006b5580000, 0x00000007c0000000, 0x00000007c0000000)
  eden space 3982336K, 65% used [0x00000006b5580000,0x0000000755baf5b8,0x00000007a8680000)
  from space 193536K, 63% used [0x00000007b4300000,0x00000007bbbbc010,0x00000007c0000000)
  to   space 193024K, 0% used [0x00000007a8680000,0x00000007a8680000,0x00000007b4300000)
 ParOldGen       total 546304K, used 259747K [0x00000004a0000000, 0x00000004c1580000, 0x00000006b5580000)
  object space 546304K, 47% used [0x00000004a0000000,0x00000004afda8fa8,0x00000004c1580000)
 Metaspace       used 6100K, capacity 6362K, committed 6656K, reserved 1056768K
  class space    used 648K, capacity 721K, committed 768K, reserved 1048576K
GC Heap History (10 events):
Event: 21.751 GC heap before
{Heap before GC invocations=12 (full 0):
 PSYoungGen      total 4162560K, used 4162352K [0x00000006b5580000, 0x00000007c0000000, 0x00000007c0000000)
  eden space 4030976K, 100% used [0x00000006b5580000,0x00000007ab600000,0x00000007ab600000)
  from space 131584K, 99% used [0x00000007ab600000,0x00000007b364c010,0x00000007b3680000)
  to   space 179200K, 0% used [0x00000007b5100000,0x00000007b5100000,0x00000007c0000000)
 ParOldGen       total 546304K, used 140103K [0x00000004a0000000, 0x00000004c1580000, 0x00000006b5580000)
  object space 546304K, 25% used [0x00000004a0000000,0x00000004a88d1e88,0x00000004c1580000)
 Metaspace       used 6054K, capacity 6234K, committed 6400K, reserved 1056768K
  class space    used 644K, capacity 721K, committed 768K, reserved 1048576K
Event: 21.866 GC heap after
Heap after GC invocations=12 (full 0):
 PSYoungGen      total 4177408K, used 126928K [0x00000006b5580000, 0x00000007c0000000, 0x00000007c0000000)
  eden space 3998208K, 0% used [0x00000006b5580000,0x00000006b5580000,0x00000007a9600000)
  from space 179200K, 70% used [0x00000007b5100000,0x00000007bccf4010,0x00000007c0000000)
  to   space 185344K, 0% used [0x00000007a9600000,0x00000007a9600000,0x00000007b4b00000)
 ParOldGen       total 546304K, used 165600K [0x00000004a0000000, 0x00000004c1580000, 0x00000006b5580000)
  object space 546304K, 30% used [0x00000004a0000000,0x00000004aa1b82f0,0x00000004c1580000)
 Metaspace       used 6054K, capacity 6234K, committed 6400K, reserved 1056768K
  class space    used 644K, capacity 721K, committed 768K, reserved 1048576K
}
Event: 25.079 GC heap before
{Heap before GC invocations=13 (full 0):
 PSYoungGen      total 4177408K, used 4125136K [0x00000006b5580000, 0x00000007c0000000, 0x00000007c0000000)
  eden space 3998208K, 100% used [0x00000006b5580000,0x00000007a9600000,0x00000007a9600000)
  from space 179200K, 70% used [0x00000007b5100000,0x00000007bccf4010,0x00000007c0000000)
  to   space 185344K, 0% used [0x00000007a9600000,0x00000007a9600000,0x00000007b4b00000)
 ParOldGen       total 546304K, used 165600K [0x00000004a0000000, 0x00000004c1580000, 0x00000006b5580000)
  object space 546304K, 30% used [0x00000004a0000000,0x00000004aa1b82f0,0x00000004c1580000)
 Metaspace       used 6063K, capacity 6298K, committed 6400K, reserved 1056768K
  class space    used 644K, capacity 721K, committed 768K, reserved 1048576K
Event: 25.171 GC heap after
Heap after GC invocations=13 (full 0):
 PSYoungGen      total 4124672K, used 126160K [0x00000006b5580000, 0x00000007c0000000, 0x00000007c0000000)
  eden space 3998208K, 0% used [0x00000006b5580000,0x00000006b5580000,0x00000007a9600000)
  from space 126464K, 99% used [0x00000007a9600000,0x00000007b1134010,0x00000007b1180000)
  to   space 189440K, 0% used [0x00000007b4700000,0x00000007b4700000,0x00000007c0000000)
 ParOldGen       total 546304K, used 189764K [0x00000004a0000000, 0x00000004c1580000, 0x00000006b5580000)
  object space 546304K, 34% used [0x00000004a0000000,0x00000004ab951068,0x00000004c1580000)
 Metaspace       used 6063K, capacity 6298K, committed 6400K, reserved 1056768K
  class space    used 644K, capacity 721K, committed 768K, reserved 1048576K
}
Event: 28.562 GC heap before
{Heap before GC invocations=14 (full 0):
 PSYoungGen      total 4124672K, used 4124368K [0x00000006b5580000, 0x00000007c0000000, 0x00000007c0000000)
  eden space 3998208K, 100% used [0x00000006b5580000,0x00000007a9600000,0x00000007a9600000)
  from space 126464K, 99% used [0x00000007a9600000,0x00000007b1134010,0x00000007b1180000)
  to   space 189440K, 0% used [0x00000007b4700000,0x00000007b4700000,0x00000007c0000000)
 ParOldGen       total 546304K, used 189764K [0x00000004a0000000, 0x00000004c1580000, 0x00000006b5580000)
  object space 546304K, 34% used [0x00000004a0000000,0x00000004ab951068,0x00000004c1580000)
 Metaspace       used 6065K, capacity 6298K, committed 6400K, reserved 1056768K
  class space    used 644K, capacity 721K, committed 768K, reserved 1048576K
Event: 28.664 GC heap after
Heap after GC invocations=14 (full 0):
 PSYoungGen      total 4173312K, used 128048K [0x00000006b5580000, 0x00000007c0000000, 0x00000007c0000000)
  eden space 3983872K, 0% used [0x00000006b5580000,0x00000006b5580000,0x00000007a8800000)
  from space 189440K, 67% used [0x00000007b4700000,0x00000007bc40c010,0x00000007c0000000)
  to   space 192512K, 0% used [0x00000007a8800000,0x00000007a8800000,0x00000007b4400000)
 ParOldGen       total 546304K, used 213184K [0x00000004a0000000, 0x00000004c1580000, 0x00000006b5580000)
  object space 546304K, 39% used [0x00000004a0000000,0x00000004ad030268,0x00000004c1580000)
 Metaspace       used 6065K, capacity 6298K, committed 6400K, reserved 1056768K
  class space    used 644K, capacity 721K, committed 768K, reserved 1048576K
}
Event: 32.443 GC heap before
{Heap before GC invocations=15 (full 0):
 PSYoungGen      total 4173312K, used 4111920K [0x00000006b5580000, 0x00000007c0000000, 0x00000007c0000000)
  eden space 3983872K, 100% used [0x00000006b5580000,0x00000007a8800000,0x00000007a8800000)
  from space 189440K, 67% used [0x00000007b4700000,0x00000007bc40c010,0x00000007c0000000)
  to   space 192512K, 0% used [0x00000007a8800000,0x00000007a8800000,0x00000007b4400000)
 ParOldGen       total 546304K, used 213184K [0x00000004a0000000, 0x00000004c1580000, 0x00000006b5580000)
  object space 546304K, 39% used [0x00000004a0000000,0x00000004ad030268,0x00000004c1580000)
 Metaspace       used 6066K, capacity 6298K, committed 6400K, reserved 1056768K
  class space    used 644K, capacity 721K, committed 768K, reserved 1048576K
Event: 32.594 GC heap after
Heap after GC invocations=15 (full 0):
 PSYoungGen      total 4108288K, used 124080K [0x00000006b5580000, 0x00000007c0000000, 0x00000007c0000000)
  eden space 3983872K, 0% used [0x00000006b5580000,0x00000006b5580000,0x00000007a8800000)
  from space 124416K, 99% used [0x00000007a8800000,0x00000007b012c010,0x00000007b0180000)
  to   space 193536K, 0% used [0x00000007b4300000,0x00000007b4300000,0x00000007c0000000)
 ParOldGen       total 546304K, used 236666K [0x00000004a0000000, 0x00000004c1580000, 0x00000006b5580000)
  object space 546304K, 43% used [0x00000004a0000000,0x00000004ae71e8b0,0x00000004c1580000)
 Metaspace       used 6066K, capacity 6298K, committed 6400K, reserved 1056768K
  class space    used 644K, capacity 721K, committed 768K, reserved 1048576K
}
Event: 35.711 GC heap before
{Heap before GC invocations=16 (full 0):
 PSYoungGen      total 4108288K, used 4107952K [0x00000006b5580000, 0x00000007c0000000, 0x00000007c0000000)
  eden space 3983872K, 100% used [0x00000006b5580000,0x00000007a8800000,0x00000007a8800000)
  from space 124416K, 99% used [0x00000007a8800000,0x00000007b012c010,0x00000007b0180000)
  to   space 193536K, 0% used [0x00000007b4300000,0x00000007b4300000,0x00000007c0000000)
 ParOldGen       total 546304K, used 236666K [0x00000004a0000000, 0x00000004c1580000, 0x00000006b5580000)
  object space 546304K, 43% used [0x00000004a0000000,0x00000004ae71e8b0,0x00000004c1580000)
 Metaspace       used 6072K, capacity 6298K, committed 6400K, reserved 1056768K
  class space    used 644K, capacity 721K, committed 768K, reserved 1048576K
Event: 35.830 GC heap after
Heap after GC invocations=16 (full 0):
 PSYoungGen      total 4175872K, used 123632K [0x00000006b5580000, 0x00000007c0000000, 0x00000007c0000000)
  eden space 3982336K, 0% used [0x00000006b5580000,0x00000006b5580000,0x00000007a8680000)
  from space 193536K, 63% used [0x00000007b4300000,0x00000007bbbbc010,0x00000007c0000000)
  to   space 193024K, 0% used [0x00000007a8680000,0x00000007a8680000,0x00000007b4300000)
 ParOldGen       total 546304K, used 259747K [0x00000004a0000000, 0x00000004c1580000, 0x00000006b5580000)
  object space 546304K, 47% used [0x00000004a0000000,0x00000004afda8fa8,0x00000004c1580000)
 Metaspace       used 6072K, capacity 6298K, committed 6400K, reserved 1056768K
  class space    used 644K, capacity 721K, committed 768K, reserved 1048576K
}

